<?xml version="1.0" encoding="UTF-8"?>
<testsuite xmlns:xsi="http://www.w3.org/2001/XMLSchema-instance" xsi:noNamespaceSchemaLocation="https://maven.apache.org/surefire/maven-surefire-plugin/xsd/surefire-test-report.xsd" name="runner.TestRunner" time="215.149" tests="15" errors="0" skipped="0" failures="0">
  <properties>
[...]
</properties>
  <testcase name="Login With Valid Credentials #1" classname="Login Functionality" time="40.087"/>
  <testcase name="Login With Valid Credentials #2" classname="Login Functionality" time="14.555"/>
  <testcase name="Login With Valid Credentials #3" classname="Login Functionality" time="10.939"/>
  <testcase name="Login With Valid Credentials #4" classname="Login Functionality" time="11.004"/>
  <testcase name="Login With Invalid Credentials" classname="Login Functionality" time="11.698"/>
  <testcase name="Login With valid Email Address and Invalid Password" classname="Login Functionality" time="12.029"/>
  <testcase name="Login With Invalid Email Address and Valid Password" classname="Login Functionality" time="11.833"/>
  <testcase name="Login Without Credentials" classname="Login Functionality" time="11.286"/>
  <testcase name="User creates an Account  only with Mandatory Fields" classname="Registration Functionality" time="15.083"/>
  <testcase name="User creates an Account with All Fields" classname="Registration Functionality" time="13.582"/>
  <testcase name="User creates A Duplicate Account" classname="Registration Functionality" time="12.643"/>
  <testcase name="User creates an Account  Without Filling Any Details" classname="Registration Functionality" time="12.007"/>
  <testcase name="User searches for a valid product" classname="Search functionality" time="10.208"/>
  <testcase name="User searches for an invalid product" classname="Search functionality" time="11.987"/>
  <testcase name="User searches without any product" classname="Search functionality" time="9.918"/>
</testsuite>